[2017-06-28 11:04:57] - user_code:1
[2017-06-28 11:04:58] - user_code:1
[2017-06-28 11:04:58] - user_code:1
[2017-06-28 11:04:58] - user_code:1
[2017-06-28 11:06:04] - user_code:330
[2017-06-28 11:06:35] - user_code:331
[2017-06-28 11:12:24] - user_code:1
[2017-06-28 11:12:52] - user_code:1
[2017-06-28 11:12:52] - user_code:1
[2017-06-28 11:12:53] - user_code:1
[2017-06-28 11:13:08] - user_code:1
[2017-06-28 11:16:22] - 123 register failed
[2017-06-28 11:16:22] - 123 register failed
[2017-06-28 11:16:22] - 123 register failed
[2017-06-28 11:18:28] - 123 register failed
[2017-06-28 11:18:52] - 123 register failed
[2017-06-28 11:19:28] - user_code:332
[2017-06-28 11:37:45] - user_code:333
[2017-06-28 11:38:25] - nihao register failed
[2017-07-04 11:22:04] - 用户123使用激活码996422
[2017-07-04 11:23:31] - 用户123使用激活码515367
[2017-07-04 11:24:29] - {"errcode":"0","errmsg":"\u672c\u6b21\u65b0\u5efa\u9a8c\u8bc1\u780150\u6761\uff0c\u5168\u90e8\u6210\u529f\u63d2\u5165"}
[2017-07-04 11:25:34] - 本次新建验证码50条，全部成功插入
[2017-07-04 11:25:43] - 本次新建验证码50条，全部成功插入
[2017-07-04 11:27:25] - 本次新建验证码50条，全部成功插入
[2017-07-04 11:39:56] - 用户123使用激活码798532
